# JRE version: 7.0_17-b02
# Java VM: Java HotSpot(TM) Server VM (23.7-b01 mixed mode linux-x86 )
Heap
 PSYoungGen      total 58112K, used 2297K [0xa1350000, 0xaa430000, 0xb35f0000)
  eden space 55808K, 0% used [0xa1350000,0xa1350000,0xa49d0000)
  from space 2304K, 99% used [0xa49d0000,0xa4c0e4c8,0xa4c10000)
  to   space 18368K, 0% used [0xa9240000,0xa9240000,0xaa430000)
 ParOldGen       total 37248K, used 30189K [0x7cdf0000, 0x7f250000, 0xa1350000)
  object space 37248K, 81% used [0x7cdf0000,0x7eb6b630,0x7f250000)
 PSPermGen       total 21632K, used 21631K [0x78df0000, 0x7a310000, 0x7cdf0000)
  object space 21632K, 99% used [0x78df0000,0x7a30fc78,0x7a310000)
GC Heap History (10 events):
Event: 1.793 GC heap after
Heap after GC invocations=1 (full 0):
 PSYoungGen      total 16256K, used 2297K [0xa1350000, 0xa3310000, 0xb35f0000)
  eden space 13952K, 0% used [0xa1350000,0xa1350000,0xa20f0000)
  from space 2304K, 99% used [0xa20f0000,0xa232e458,0xa2330000)
  to   space 2304K, 0% used [0xa30d0000,0xa30d0000,0xa3310000)
 ParOldGen       total 37248K, used 1404K [0x7cdf0000, 0x7f250000, 0xa1350000)
  object space 37248K, 3% used [0x7cdf0000,0x7cf4f188,0x7f250000)
 PSPermGen       total 16384K, used 9757K [0x78df0000, 0x79df0000, 0x7cdf0000)
  object space 16384K, 59% used [0x78df0000,0x797774e0,0x79df0000)
}
Event: 2.294 GC heap before
{Heap before GC invocations=2 (full 0):
 PSYoungGen      total 16256K, used 16249K [0xa1350000, 0xa3310000, 0xb35f0000)
  eden space 13952K, 100% used [0xa1350000,0xa20f0000,0xa20f0000)
  from space 2304K, 99% used [0xa20f0000,0xa232e458,0xa2330000)
  to   space 2304K, 0% used [0xa30d0000,0xa30d0000,0xa3310000)
 ParOldGen       total 37248K, used 1404K [0x7cdf0000, 0x7f250000, 0xa1350000)
  object space 37248K, 3% used [0x7cdf0000,0x7cf4f188,0x7f250000)
 PSPermGen       total 16384K, used 10560K [0x78df0000, 0x79df0000, 0x7cdf0000)
  object space 16384K, 64% used [0x78df0000,0x798403d8,0x79df0000)
Event: 2.307 GC heap after
Heap after GC invocations=2 (full 0):
 PSYoungGen      total 30208K, used 2294K [0xa1350000, 0xa3310000, 0xb35f0000)
  eden space 27904K, 0% used [0xa1350000,0xa1350000,0xa2e90000)
  from space 2304K, 99% used [0xa30d0000,0xa330d9b8,0xa3310000)
  to   space 2304K, 0% used [0xa2e90000,0xa2e90000,0xa30d0000)
 ParOldGen       total 37248K, used 2521K [0x7cdf0000, 0x7f250000, 0xa1350000)
  object space 37248K, 6% used [0x7cdf0000,0x7d0665b0,0x7f250000)
 PSPermGen       total 16384K, used 10560K [0x78df0000, 0x79df0000, 0x7cdf0000)
  object space 16384K, 64% used [0x78df0000,0x798403d8,0x79df0000)
}
Event: 3.764 GC heap before
{Heap before GC invocations=3 (full 0):
 PSYoungGen      total 30208K, used 30198K [0xa1350000, 0xa3310000, 0xb35f0000)
  eden space 27904K, 100% used [0xa1350000,0xa2e90000,0xa2e90000)
  from space 2304K, 99% used [0xa30d0000,0xa330d9b8,0xa3310000)
  to   space 2304K, 0% used [0xa2e90000,0xa2e90000,0xa30d0000)
 ParOldGen       total 37248K, used 2521K [0x7cdf0000, 0x7f250000, 0xa1350000)
  object space 37248K, 6% used [0x7cdf0000,0x7d0665b0,0x7f250000)
 PSPermGen       total 16384K, used 15508K [0x78df0000, 0x79df0000, 0x7cdf0000)
  object space 16384K, 94% used [0x78df0000,0x79d153e8,0x79df0000)
Event: 3.781 GC heap after
Heap after GC invocations=3 (full 0):
 PSYoungGen      total 30208K, used 2296K [0xa1350000, 0xa4e50000, 0xb35f0000)
  eden space 27904K, 0% used [0xa1350000,0xa1350000,0xa2e90000)
  from space 2304K, 99% used [0xa2e90000,0xa30ce060,0xa30d0000)
  to   space 2304K, 0% used [0xa4c10000,0xa4c10000,0xa4e50000)
 ParOldGen       total 37248K, used 6525K [0x7cdf0000, 0x7f250000, 0xa1350000)
  object space 37248K, 17% used [0x7cdf0000,0x7d44f760,0x7f250000)
 PSPermGen       total 16384K, used 15508K [0x78df0000, 0x79df0000, 0x7cdf0000)
  object space 16384K, 94% used [0x78df0000,0x79d153e8,0x79df0000)
}
Event: 5.193 GC heap before
{Heap before GC invocations=4 (full 0):
 PSYoungGen      total 30208K, used 30200K [0xa1350000, 0xa4e50000, 0xb35f0000)
  eden space 27904K, 100% used [0xa1350000,0xa2e90000,0xa2e90000)
  from space 2304K, 99% used [0xa2e90000,0xa30ce060,0xa30d0000)
  to   space 2304K, 0% used [0xa4c10000,0xa4c10000,0xa4e50000)
 ParOldGen       total 37248K, used 6525K [0x7cdf0000, 0x7f250000, 0xa1350000)
  object space 37248K, 17% used [0x7cdf0000,0x7d44f760,0x7f250000)
 PSPermGen       total 19328K, used 19274K [0x78df0000, 0x7a0d0000, 0x7cdf0000)
  object space 19328K, 99% used [0x78df0000,0x7a0c2960,0x7a0d0000)
Event: 5.210 GC heap after
Heap after GC invocations=4 (full 0):
 PSYoungGen      total 58112K, used 2288K [0xa1350000, 0xa4e50000, 0xb35f0000)
  eden space 55808K, 0% used [0xa1350000,0xa1350000,0xa49d0000)
  from space 2304K, 99% used [0xa4c10000,0xa4e4c070,0xa4e50000)
  to   space 2304K, 0% used [0xa49d0000,0xa49d0000,0xa4c10000)
 ParOldGen       total 37248K, used 11582K [0x7cdf0000, 0x7f250000, 0xa1350000)
  object space 37248K, 31% used [0x7cdf0000,0x7d93fa00,0x7f250000)
 PSPermGen       total 19328K, used 19274K [0x78df0000, 0x7a0d0000, 0x7cdf0000)
  object space 19328K, 99% used [0x78df0000,0x7a0c2960,0x7a0d0000)
}
Event: 13.658 GC heap before
{Heap before GC invocations=5 (full 0):
 PSYoungGen      total 58112K, used 58096K [0xa1350000, 0xa4e50000, 0xb35f0000)
  eden space 55808K, 100% used [0xa1350000,0xa49d0000,0xa49d0000)
  from space 2304K, 99% used [0xa4c10000,0xa4e4c070,0xa4e50000)
  to   space 2304K, 0% used [0xa49d0000,0xa49d0000,0xa4c10000)
 ParOldGen       total 37248K, used 11582K [0x7cdf0000, 0x7f250000, 0xa1350000)
  object space 37248K, 31% used [0x7cdf0000,0x7d93fa00,0x7f250000)
 PSPermGen       total 21632K, used 21631K [0x78df0000, 0x7a310000, 0x7cdf0000)
  object space 21632K, 99% used [0x78df0000,0x7a30fc78,0x7a310000)
Event: 13.684 GC heap after
Heap after GC invocations=5 (full 0):
 PSYoungGen      total 58112K, used 2297K [0xa1350000, 0xaa430000, 0xb35f0000)
  eden space 55808K, 0% used [0xa1350000,0xa1350000,0xa49d0000)
  from space 2304K, 99% used [0xa49d0000,0xa4c0e4c8,0xa4c10000)
  to   space 18368K, 0% used [0xa9240000,0xa9240000,0xaa430000)
 ParOldGen       total 37248K, used 30189K [0x7cdf0000, 0x7f250000, 0xa1350000)
  object space 37248K, 81% used [0x7cdf0000,0x7eb6b630,0x7f250000)
 PSPermGen       total 21632K, used 21631K [0x78df0000, 0x7a310000, 0x7cdf0000)
  object space 21632K, 99% used [0x78df0000,0x7a30fc78,0x7a310000)
}
Event: 13.684 GC heap before
{Heap before GC invocations=6 (full 1):
 PSYoungGen      total 58112K, used 2297K [0xa1350000, 0xaa430000, 0xb35f0000)
  eden space 55808K, 0% used [0xa1350000,0xa1350000,0xa49d0000)
  from space 2304K, 99% used [0xa49d0000,0xa4c0e4c8,0xa4c10000)
  to   space 18368K, 0% used [0xa9240000,0xa9240000,0xaa430000)
 ParOldGen       total 37248K, used 30189K [0x7cdf0000, 0x7f250000, 0xa1350000)
  object space 37248K, 81% used [0x7cdf0000,0x7eb6b630,0x7f250000)
 PSPermGen       total 21632K, used 21631K [0x78df0000, 0x7a310000, 0x7cdf0000)
  object space 21632K, 99% used [0x78df0000,0x7a30fc78,0x7a310000)

